<?xml version='1.0'?>
<ns2:test-suite xmlns:ns2='urn:model.allure.qatools.yandex.ru' start='1540661389418' stop='1540661415288'>
    <name>Place a bet </name>
    <title>Place a bet </title>
    <test-cases>
        <test-case start='1540661389452' status='passed' stop='1540661414683'>
            <name>I am on the home page</name>
            <title>I am on the home page</title>
            <labels>
                <label name='language' value='javascript'/>
                <label name='framework' value='wdio'/>
            </labels>
            <parameters>
                <parameter kind='argument' name='browser' value='chrome'/>
                <parameter kind='environment-variable' name='capabilities' value='{"browserName":"chrome","maxInstances":"5"}'/>
                <parameter kind='environment-variable' name='spec files' value='["/home/anton/project/web-test/test/features/place-bet.feature"]'/>
            </parameters>
            <steps>
                <step start='1540661389479' status='passed' stop='1540661412565'>
                    <name>POST /wd/hub/session/f8e840d02c590bf6dfc6a4ec932c6da4/url</name>
                    <title>POST /wd/hub/session/f8e840d02c590bf6dfc6a4ec932c6da4/url</title>
                    <attachments>
                        <attachment title='Request' source='8a3654e6-732a-483c-86f6-cbd3669ccd2d-attachment.json' type='application/json' size='60'/>
                        <attachment title='Response' source='a4d54e37-4101-456b-a534-2952a6b740db-attachment.json' type='application/json' size='91'/>
                    </attachments>
                    <steps/>
                </step>
            </steps>
            <attachments/>
        </test-case>
        <test-case start='1540661414764' status='broken' stop='1540661414811'>
            <name>I navigate to Premier league page</name>
            <title>I navigate to Premier league page</title>
            <labels>
                <label name='language' value='javascript'/>
                <label name='framework' value='wdio'/>
            </labels>
            <parameters>
                <parameter kind='argument' name='browser' value='chrome'/>
                <parameter kind='environment-variable' name='capabilities' value='{"browserName":"chrome","maxInstances":"5"}'/>
                <parameter kind='environment-variable' name='spec files' value='["/home/anton/project/web-test/test/features/place-bet.feature"]'/>
            </parameters>
            <steps/>
            <attachments/>
            <failure>
                <message>waitForVisible is not defined</message>
                <stack-trace>ReferenceError: waitForVisible is not defined
                    at HomePage.waitForFootballLinkLink (/home/anton/project/web-test/test/pageobjects/home.page.js:19:7)
                    at World.&lt;anonymous> (/home/anton/project/web-test/test/stepDefinitions/when.js:10:14)
                    at Promise.F (/home/anton/project/web-test/node_modules/core-js/library/modules/_export.js:36:28)</stack-trace>
            </failure>
        </test-case>
        <test-case start='1540661414885' status='broken' stop='1540661414935'>
            <name>I place a 0.05 bet for home team to 'Win'</name>
            <title>I place a 0.05 bet for home team to 'Win'</title>
            <labels>
                <label name='language' value='javascript'/>
                <label name='framework' value='wdio'/>
            </labels>
            <parameters>
                <parameter kind='argument' name='browser' value='chrome'/>
                <parameter kind='environment-variable' name='capabilities' value='{"browserName":"chrome","maxInstances":"5"}'/>
                <parameter kind='environment-variable' name='spec files' value='["/home/anton/project/web-test/test/features/place-bet.feature"]'/>
            </parameters>
            <steps/>
            <attachments/>
            <failure>
                <message>Step "I place a 0.05 bet for home team to 'Win'" is not defined. You can ignore this error by setting
                                              cucumberOpts.ignoreUndefinedDefinitions as true.</message>
                <stack-trace>/home/anton/project/web-test/test/features/place-bet.feature:13</stack-trace>
            </failure>
        </test-case>
        <test-case start='1540661415086' status='pending' stop='1540661415115'>
            <name>I should see proper return amount</name>
            <title>I should see proper return amount</title>
            <labels>
                <label name='language' value='javascript'/>
                <label name='framework' value='wdio'/>
            </labels>
            <parameters>
                <parameter kind='argument' name='browser' value='chrome'/>
                <parameter kind='environment-variable' name='capabilities' value='{"browserName":"chrome","maxInstances":"5"}'/>
                <parameter kind='environment-variable' name='spec files' value='["/home/anton/project/web-test/test/features/place-bet.feature"]'/>
            </parameters>
            <steps/>
            <attachments/>
        </test-case>
        <test-case start='1540661415165' status='pending' stop='1540661415186'>
            <name>I should see proper total shake amount</name>
            <title>I should see proper total shake amount</title>
            <labels>
                <label name='language' value='javascript'/>
                <label name='framework' value='wdio'/>
            </labels>
            <parameters>
                <parameter kind='argument' name='browser' value='chrome'/>
                <parameter kind='environment-variable' name='capabilities' value='{"browserName":"chrome","maxInstances":"5"}'/>
                <parameter kind='environment-variable' name='spec files' value='["/home/anton/project/web-test/test/features/place-bet.feature"]'/>
            </parameters>
            <steps/>
            <attachments/>
        </test-case>
    </test-cases>
</ns2:test-suite>